<form method="POST" action="{{d}}forms-4a.php">
<table>
    
    <tr><th>From:</th><td></td></tr>
    <tr><td>Name:</td><td><input name="from_name" type="text" /></td></tr>
    <tr><td>Address 1:</td><td><input name="from_address1" type="text" /></td></tr>
    <tr><td>Address 2:</td><td><input name="from_address2" type="text" /></td></tr>
    <tr><td>State:</td><td><select name="from_state"><option value="0">서울특별시</option><option value="1">인천광역시</option><option value="2">부산광역시</option><option value="3">광주광역시</option><option value="4">대전광역시</option><option value="5">대구광역시</option><option value="6">울산광역시</option><option value="7">세종특별자치시</option><option value="8">제주특별자치도</option><option value="9">경기도</option><option value="10">강원도</option><option value="11">경상북도</option><option value="12">경상남도</option><option value="13">충청북도</option><option value="14">충청남도</option><option value="15">전라북도</option><option value="16">전라남도</option></select></td></tr>
    <tr><td>ZIP:</td><td><input name="from_zip" size="5" type="text" /></td></tr>

    <tr><th>To:</th><td></td></tr>
    <tr><td>Name:</td><td><input name="to_name" type="text" /></td></tr>
    <tr><td>Address 1:</td><td><input name="to_address1" type="text" /></td></tr>
    <tr><td>Address 2:</td><td><input name="to_address2" type="text" /></td></tr>
    <tr><td>State:</td><td><select name="to_state"><option value="0">서울특별시</option><option value="1">인천광역시</option><option value="2">부산광역시</option><option value="3">광주광역시</option><option value="4">대전광역시</option><option value="5">대구광역시</option><option value="6">울산광역시</option><option value="7">세종특별자치시</option><option value="8">제주특별자치도</option><option value="9">경기도</option><option value="10">강원도</option><option value="11">경상북도</option><option value="12">경상남도</option><option value="13">충청북도</option><option value="14">충청남도</option><option value="15">전라북도</option><option value="16">전라남도</option></select></td></tr>
    <tr><td>ZIP:</td><td><input name="to_zip" size="5" type="text" /></td></tr>

    <tr><th>Package:</th><td></td></tr>
    <tr><td>Weight:</td><td><input name="weight" type="text" /></td></tr>
    <tr><td>Height:</td><td><input name="height" type="text" /></td></tr>
    <tr><td>Width:</td><td><input name="width" type="text" /></td></tr>
    <tr><td>Depth:</td><td><input name="depth" type="text" /></td></tr>

    <tr><td colspan="2" align="center"><input value="Ship!" type="submit" />    </td></tr>

</table>
</form>
