<form method="POST" action="{{d}}complete.php">
<table>
    
    <tr><td>이름:</td><td><input name="name" type="text" /></td></tr>

    <tr><td>크기:</td>
        <td><input name="size" value="medium" type="radio" /> 소 <br/>
            <input name="size" value="medium" type="radio" checked /> 중 <br/>
            <input name="size" value="medium" type="radio" /> 대 <br/>
        </td></tr>

    <tr><td>디저트를 선택해주세요.:</td>
        <td><select name="sweet"><option value="puff">참깨 퍼프</option><option value="square">코코넛 우유 젤리</option><option value="cake">흑설탕 케이크</option><option value="ricemeat">찹쌀 경단</option></select></td>
    </tr>

    <tr><td>주 메뉴를 두가지 선택해주세요.:</td>
        <td><select name="main_dish[]" multiple><option value="cuke">데친 해삼</option><option value="stomach">순대</option><option value="tripe">와인 소스 양대창</option><option value="taro">돼지고기 토란국</option><option value="giblets">곱창 소금 구이</option><option value="abalone">전복 호박 볶음</option></select></td>
    </tr>

    <tr><td>배달 주문이신가요?</td>
        <td><input name="delivery" value="yes" type="checkbox" checked /> 네. </td></tr>

    <tr><td>전달하실 내용이 있으면 메모를 남겨주세요.<br/>
        배달 주문이실 경우에는 주소를 남겨주세요.:</td>
        <td><textarea name="comments"></textarea></td></tr>

    <tr><td colspan="2" align="center">
    <input value="주문" type="submit" />    </td></tr>

</table>
</form>
